[debug] [2026-04-16T00:31:59.473Z] ----------------------------------------------------------------------
[debug] [2026-04-16T00:31:59.474Z] Command:       C:\Program Files\nodejs\node.exe C:\Users\13900K\AppData\Roaming\npm\node_modules\firebase-tools\lib\bin\firebase.js deploy --only functions
[debug] [2026-04-16T00:31:59.474Z] CLI Version:   15.5.1
[debug] [2026-04-16T00:31:59.474Z] Platform:      win32
[debug] [2026-04-16T00:31:59.474Z] Node Version:  v22.17.0
[debug] [2026-04-16T00:31:59.474Z] Time:          Wed Apr 15 2026 20:31:59 GMT-0400 (Atlantic Standard Time)
[debug] [2026-04-16T00:31:59.474Z] ----------------------------------------------------------------------
[debug] 
[debug] [2026-04-16T00:32:00.451Z] > command requires scopes: ["email","openid","https://www.googleapis.com/auth/cloudplatformprojects.readonly","https://www.googleapis.com/auth/firebase","https://www.googleapis.com/auth/cloud-platform"]
[debug] [2026-04-16T00:32:00.451Z] > authorizing via signed-in user (listopatron.app@gmail.com)
[debug] [2026-04-16T00:32:00.451Z] [iam] checking project listoapp-52b46 for permissions ["cloudfunctions.functions.create","cloudfunctions.functions.delete","cloudfunctions.functions.get","cloudfunctions.functions.list","cloudfunctions.functions.update","cloudfunctions.operations.get","firebase.projects.get"]
[debug] [2026-04-16T00:32:00.452Z] Checked if tokens are valid: true, expires at: 1776302460670
[debug] [2026-04-16T00:32:00.452Z] Checked if tokens are valid: true, expires at: 1776302460670
[debug] [2026-04-16T00:32:00.453Z] >>> [apiv2][query] POST https://cloudresourcemanager.googleapis.com/v1/projects/listoapp-52b46:testIamPermissions [none]
[debug] [2026-04-16T00:32:00.453Z] >>> [apiv2][(partial)header] POST https://cloudresourcemanager.googleapis.com/v1/projects/listoapp-52b46:testIamPermissions  x-goog-user-project=listoapp-52b46
[debug] [2026-04-16T00:32:00.453Z] >>> [apiv2][body] POST https://cloudresourcemanager.googleapis.com/v1/projects/listoapp-52b46:testIamPermissions {"permissions":["cloudfunctions.functions.create","cloudfunctions.functions.delete","cloudfunctions.functions.get","cloudfunctions.functions.list","cloudfunctions.functions.update","cloudfunctions.operations.get","firebase.projects.get"]}
[debug] [2026-04-16T00:32:00.728Z] <<< [apiv2][status] POST https://cloudresourcemanager.googleapis.com/v1/projects/listoapp-52b46:testIamPermissions 200
[debug] [2026-04-16T00:32:00.729Z] <<< [apiv2][body] POST https://cloudresourcemanager.googleapis.com/v1/projects/listoapp-52b46:testIamPermissions {"permissions":["cloudfunctions.functions.create","cloudfunctions.functions.delete","cloudfunctions.functions.get","cloudfunctions.functions.list","cloudfunctions.functions.update","cloudfunctions.operations.get","firebase.projects.get"]}
[debug] [2026-04-16T00:32:00.729Z] Checked if tokens are valid: true, expires at: 1776302460670
[debug] [2026-04-16T00:32:00.729Z] Checked if tokens are valid: true, expires at: 1776302460670
[debug] [2026-04-16T00:32:00.729Z] >>> [apiv2][query] POST https://iam.googleapis.com/v1/projects/listoapp-52b46/serviceAccounts/listoapp-52b46@appspot.gserviceaccount.com:testIamPermissions [none]
[debug] [2026-04-16T00:32:00.729Z] >>> [apiv2][body] POST https://iam.googleapis.com/v1/projects/listoapp-52b46/serviceAccounts/listoapp-52b46@appspot.gserviceaccount.com:testIamPermissions {"permissions":["iam.serviceAccounts.actAs"]}
[debug] [2026-04-16T00:32:00.965Z] <<< [apiv2][status] POST https://iam.googleapis.com/v1/projects/listoapp-52b46/serviceAccounts/listoapp-52b46@appspot.gserviceaccount.com:testIamPermissions 200
[debug] [2026-04-16T00:32:00.966Z] <<< [apiv2][body] POST https://iam.googleapis.com/v1/projects/listoapp-52b46/serviceAccounts/listoapp-52b46@appspot.gserviceaccount.com:testIamPermissions {"permissions":["iam.serviceAccounts.actAs"]}
[info] 
[info] === Deploying to 'listoapp-52b46'...
[info] 
[info] i  deploying functions 
[debug] [2026-04-16T00:32:00.967Z] Checked if tokens are valid: true, expires at: 1776302460670
[debug] [2026-04-16T00:32:00.967Z] Checked if tokens are valid: true, expires at: 1776302460670
[debug] [2026-04-16T00:32:00.967Z] >>> [apiv2][query] GET https://cloudresourcemanager.googleapis.com/v1/projects/listoapp-52b46 [none]
[debug] [2026-04-16T00:32:01.120Z] <<< [apiv2][status] GET https://cloudresourcemanager.googleapis.com/v1/projects/listoapp-52b46 200
[debug] [2026-04-16T00:32:01.120Z] <<< [apiv2][body] GET https://cloudresourcemanager.googleapis.com/v1/projects/listoapp-52b46 {"projectNumber":"43690567000","projectId":"listoapp-52b46","lifecycleState":"ACTIVE","name":"listoapp","labels":{"firebase":"enabled","firebase-core":"disabled"},"createTime":"2026-02-08T14:00:33.157431Z"}
[info] i  functions: preparing codebase default for deployment 
[info] i  functions: ensuring required API cloudfunctions.googleapis.com is enabled... 
[info] i  functions: ensuring required API cloudbuild.googleapis.com is enabled... 
[info] i  artifactregistry: ensuring required API artifactregistry.googleapis.com is enabled... 
[debug] [2026-04-16T00:32:01.121Z] Checked if tokens are valid: true, expires at: 1776302460670
[debug] [2026-04-16T00:32:01.121Z] Checked if tokens are valid: true, expires at: 1776302460670
[debug] [2026-04-16T00:32:01.121Z] >>> [apiv2][query] GET https://firebase.googleapis.com/v1beta1/projects/listoapp-52b46/adminSdkConfig [none]
[debug] [2026-04-16T00:32:01.545Z] <<< [apiv2][status] GET https://firebase.googleapis.com/v1beta1/projects/listoapp-52b46/adminSdkConfig 200
[debug] [2026-04-16T00:32:01.545Z] <<< [apiv2][body] GET https://firebase.googleapis.com/v1beta1/projects/listoapp-52b46/adminSdkConfig {"projectId":"listoapp-52b46","storageBucket":"listoapp-52b46.firebasestorage.app"}
